<?xml version="1.0" encoding="UTF-8"?>
<!-- Generated by org.testng.reporters.JUnitReportReporter -->
<testsuite skipped="0" hostname="DESKTOP-9GU8BET" name="com.uapucam.testcase.TC_Information_009" tests="1" failures="0" timestamp="2020-05-24T00:03:51 BDT" time="8.483" errors="0">
  <testcase name="infoData" time="8.483" classname="com.uapucam.testcase.TC_Information_009"/>
  <system-out/>
</testsuite> <!-- com.uapucam.testcase.TC_Information_009 -->
