<?xml version="1.0" encoding="UTF-8"?>
<!-- Generated by org.testng.reporters.JUnitReportReporter -->
<testsuite skipped="0" hostname="DESKTOP-9GU8BET" name="com.uapucam.testcase.TC_BillPayment_004" tests="1" failures="0" timestamp="2020-05-23T22:17:27 BDT" time="12.160" errors="0">
  <testcase name="Bpayment" time="12.160" classname="com.uapucam.testcase.TC_BillPayment_004"/>
  <system-out/>
</testsuite> <!-- com.uapucam.testcase.TC_BillPayment_004 -->
