<?xml version="1.0" encoding="UTF-8"?>
<!-- Generated by org.testng.reporters.JUnitReportReporter -->
<testsuite skipped="0" hostname="DESKTOP-9GU8BET" name="com.uapucam.testcase.TC_Registration_006" tests="1" failures="0" timestamp="2020-05-23T22:01:06 BDT" time="12.847" errors="0">
  <testcase name="courseregitratin" time="12.847" classname="com.uapucam.testcase.TC_Registration_006"/>
  <system-out/>
</testsuite> <!-- com.uapucam.testcase.TC_Registration_006 -->
