<?xml version="1.0" encoding="UTF-8"?>
<!-- Generated by org.testng.reporters.JUnitReportReporter -->
<testsuite skipped="0" hostname="DESKTOP-9GU8BET" name="com.uapucam.testcase.TC_admit_003" tests="1" failures="0" timestamp="2020-05-23T17:43:32 BDT" time="7.931" errors="0">
  <testcase name="admitCard" time="7.931" classname="com.uapucam.testcase.TC_admit_003"/>
  <system-out/>
</testsuite> <!-- com.uapucam.testcase.TC_admit_003 -->
