<?xml version="1.0" encoding="UTF-8"?>
<!-- Generated by org.testng.reporters.JUnitReportReporter -->
<testsuite skipped="0" hostname="DESKTOP-9GU8BET" name="com.uapucam.testcase.TC_CUPassword_005" tests="1" failures="0" timestamp="2020-05-23T20:38:18 BDT" time="9.385" errors="0">
  <testcase name="changeUpdate" time="9.385" classname="com.uapucam.testcase.TC_CUPassword_005"/>
  <system-out/>
</testsuite> <!-- com.uapucam.testcase.TC_CUPassword_005 -->
