<?xml version="1.0" encoding="UTF-8"?>
<!-- Generated by org.testng.reporters.JUnitReportReporter -->
<testsuite skipped="0" hostname="DESKTOP-9GU8BET" name="com.uapucam.testcase.TC_Result_008" tests="1" failures="0" timestamp="2020-05-23T23:45:13 BDT" time="9.431" errors="0">
  <testcase name="courseresult" time="9.431" classname="com.uapucam.testcase.TC_Result_008"/>
  <system-out/>
</testsuite> <!-- com.uapucam.testcase.TC_Result_008 -->
