<?xml version="1.0" encoding="UTF-8"?>
<!-- Generated by org.testng.reporters.JUnitReportReporter -->
<testsuite skipped="0" hostname="DESKTOP-9GU8BET" name="com.uapucam.testcase.TC_Evaluation_007" tests="1" failures="0" timestamp="2020-05-23T22:04:38 BDT" time="9.067" errors="0">
  <testcase name="evluationform" time="9.067" classname="com.uapucam.testcase.TC_Evaluation_007"/>
  <system-out/>
</testsuite> <!-- com.uapucam.testcase.TC_Evaluation_007 -->
